hubbbb's team:
Manectric / Mamoswine / Tornadus-Therian / Ferrothorn / Latios / Terrakion
fabian escalona's team:
Charizard / Dodrio / Jolteon / Scizor / Lapras / Persian

fabian escalona sent out Charizard!

Go! Manectric!
Turn 1

fabian escalona withdrew Charizard!
fabian escalona sent out Jolteon!
Manectric's Manectite is reacting to hubbbb's Mega Bracelet!
Manectric has Mega Evolved into Mega Manectric!
[Manectric's Intimidate!]
The opposing Jolteon's Attack fell!

Manectric used Volt Switch!
[Opposing Jolteon's Volt Absorb!]
It doesn't affect the opposing Jolteon...
Turn 2

Manectric went back to hubbbb!
Go! Tornadus (Tornadus-Therian)!

The opposing Jolteon used Shadow Ball!
Tornadus lost 26.1% of its health!
Turn 3

Tornadus used U-turn!
The opposing Jolteon lost 42% of its health!
Tornadus lost some of its HP!

Tornadus went back to hubbbb!
Go! Terrakion!

The opposing Jolteon used Thunderbolt!
Terrakion lost 36.2% of its health!

The opposing Jolteon restored a little HP using its Leftovers!
Turn 4

Terrakion, come back!
Go! Latios!

The opposing Jolteon used Volt Switch!
It's not very effective...
Latios lost 14.0% of its health!

The opposing Jolteon went back to fabian escalona!
fabian escalona sent out Lapras!
Turn 5

Latios, come back!
Go! Mamoswine!

The opposing Lapras used Ice Beam!
A critical hit!
Mamoswine lost 27.7% of its health!
Turn 6

Mamoswine used Stealth Rock!
Pointed stones float in the air around the opposing team!

The opposing Lapras used Hydro Pump!
It's super effective!
Mamoswine lost 72.3% of its health!

Mamoswine fainted!

Go! Latios!
Turn 7

Latios, come back!
Go! Ferrothorn!

The opposing Lapras used Ice Beam!
Ferrothorn lost 23.9% of its health!

Ferrothorn restored a little HP using its Leftovers!
Turn 8

fabian escalona withdrew Lapras!
fabian escalona sent out Charizard!
Pointed stones dug into the opposing Charizard!

Ferrothorn, come back!
Go! Tornadus (Tornadus-Therian)!
Turn 9

Tornadus used U-turn!
It's not very effective...
The opposing Charizard lost 8% of its health!
Tornadus lost some of its HP!
hubbbb lost due to inactivity.

fabian escalona won the battle!
