hubbbb's team:
Manectric / Mamoswine / Tornadus-Therian / Ferrothorn / Latios / Terrakion
Wenlas's team:
Ninetales / Charizard / Venusaur / Mandibuzz / Mamoswine / Flygon

Go! Manectric!

Wenlas sent out Ninetales!
[Opposing Ninetales's Drought!]
The sunlight turned harsh!
Turn 1

Wenlas withdrew Ninetales!
Wenlas sent out Venusaur!
Manectric's Manectite is reacting to hubbbb's Mega Bracelet!
Manectric has Mega Evolved into Mega Manectric!
[Manectric's Intimidate!]
The opposing Venusaur's Attack fell!

Manectric used Volt Switch!
It's not very effective...
The opposing Venusaur lost 20% of its health!

Manectric went back to hubbbb!
Go! Tornadus (Tornadus-Therian)!
Turn 2

Wenlas withdrew Venusaur!
Wenlas sent out Ninetales!

Tornadus used U-turn!
It's not very effective...
The opposing Ninetales lost 13% of its health!
Tornadus lost some of its HP!

Tornadus went back to hubbbb!
Go! Ferrothorn!
Turn 3

Ferrothorn, come back!
Go! Mamoswine!

The opposing Ninetales used Fire Blast!
It's super effective!
Mamoswine lost 71.5% of its health!
Mamoswine was burned!

Mamoswine was hurt by its burn!
Turn 4

Mamoswine, come back!
Go! Ferrothorn!

The opposing Ninetales used Foul Play!
Ferrothorn lost 12.8% of its health!
[Ferrothorn's Iron Barbs!]
The opposing Ninetales was hurt!

Ferrothorn restored a little HP using its Leftovers!
Turn 5

Ferrothorn, come back!
Go! Mamoswine!

The opposing Ninetales used Fire Blast!
It's super effective!
Mamoswine lost 16.1% of its health!

Mamoswine fainted!

Go! Manectric (Manectric-Mega)!
[Manectric's Intimidate!]
The opposing Ninetales's Attack fell!
Turn 6

Manectric used Volt Switch!
The opposing Ninetales lost 26% of its health!
hubbbb lost due to inactivity.

Wenlas won the battle!
