hubbbb's team:
Manectric / Mamoswine / Tornadus-Therian / Ferrothorn / Latios / Terrakion
dghfdgdfg-jj's team:
Tentacruel / Medicham / Tangrowth / Mandibuzz / Sylveon / Porygon2

Go! Manectric!

dghfdgdfg-jj sent out Tentacruel!
Turn 1

dghfdgdfg-jj withdrew Tentacruel!
dghfdgdfg-jj sent out Torbjörn (Porygon2)!
[Opposing Torbjörn's Trace!]
The opposing Torbjörn traced Manectric's Lightning Rod!
Manectric's Manectite is reacting to hubbbb's Mega Bracelet!
Manectric has Mega Evolved into Mega Manectric!
[Manectric's Intimidate!]
The opposing Torbjörn's Attack fell!

Manectric used Volt Switch!
[Opposing Torbjörn's Lightning Rod!]
The opposing Torbjörn's Special Attack rose!
Turn 2

Manectric used Volt Switch!
[Opposing Torbjörn's Lightning Rod!]
The opposing Torbjörn's Special Attack rose!

The opposing Torbjörn used Ice Beam!
Manectric lost 93.2% of its health!
Turn 3

Manectric used Volt Switch!
[Opposing Torbjörn's Lightning Rod!]
The opposing Torbjörn's Special Attack rose!

The opposing Torbjörn used Ice Beam!
Manectric lost 6.8% of its health!

Manectric fainted!

Go! Ferrothorn!
Turn 4

The opposing Torbjörn used Thunder Wave!
Ferrothorn is paralyzed! It may be unable to move!

Ferrothorn used Stealth Rock!
Pointed stones float in the air around the opposing team!
Turn 5

Ferrothorn, come back!
Go! Mamoswine!

The opposing Torbjörn used Thunderbolt!
It doesn't affect Mamoswine...
Turn 6

Mamoswine used Earthquake!
The opposing Torbjörn lost 48% of its health!
Mamoswine lost some of its HP!

The opposing Torbjörn used Ice Beam!
Mamoswine lost 53.7% of its health!
Turn 7

Mamoswine used Earthquake!
The opposing Torbjörn lost 43% of its health!
Mamoswine lost some of its HP!

The opposing Torbjörn used Recover!
The opposing Torbjörn restored its HP.
Turn 8

Mamoswine used Earthquake!
The opposing Torbjörn lost 42% of its health!
Mamoswine lost some of its HP!

The opposing Torbjörn used Recover!
The opposing Torbjörn restored its HP.
Turn 9

Mamoswine used Earthquake!
The opposing Torbjörn lost 48% of its health!
Mamoswine lost some of its HP!

The opposing Torbjörn used Recover!
The opposing Torbjörn restored its HP.
Turn 10

Mamoswine used Earthquake!
The opposing Torbjörn lost 44% of its health!
Mamoswine lost some of its HP!

Mamoswine fainted!

The opposing Torbjörn used Recover!
The opposing Torbjörn restored its HP.

Go! Tornadus (Tornadus-Therian)!
Turn 11

Tornadus used U-turn!
The opposing Torbjörn lost 15% of its health!
Tornadus lost some of its HP!

Tornadus went back to hubbbb!
Go! Terrakion!

The opposing Torbjörn used Thunderbolt!
Terrakion lost 84.5% of its health!
Turn 12

Terrakion, come back!
Go! Ferrothorn!

The opposing Torbjörn used Thunderbolt!
It's not very effective...
Ferrothorn lost 31.3% of its health!

Ferrothorn restored a little HP using its Leftovers!
Turn 13

Ferrothorn, come back!
Go! Terrakion!

The opposing Torbjörn used Thunderbolt!
Terrakion lost 15.5% of its health!

Terrakion fainted!

hubbbb lost due to inactivity.

dghfdgdfg-jj won the battle!
