hubbbb's team:
Manectric / Mamoswine / Tornadus-Therian / Ferrothorn / Latios / Terrakion
dakii123's team:
Alakazam / Conkeldurr / Tyranitar / Zapdos / Hydreigon / Volcarona

Go! Manectric!

dakii123 sent out Hydreigon!
Turn 1

Manectric's Manectite is reacting to hubbbb's Mega Bracelet!
Manectric has Mega Evolved into Mega Manectric!
[Manectric's Intimidate!]
The opposing Hydreigon's Attack fell!

The opposing Hydreigon used U-turn!
Manectric lost 14.2% of its health!

The opposing Hydreigon went back to dakii123!
dakii123 sent out Volcarona!

Manectric used Volt Switch!
The opposing Volcarona lost 24% of its health!

Manectric went back to hubbbb!
Go! Terrakion!
Turn 2

dakii123 withdrew Volcarona!
dakii123 sent out Conkeldurr!

Terrakion used Close Combat!
The opposing Conkeldurr lost 64% of its health!
Terrakion's Defense fell!
Terrakion's Special Defense fell!
Turn 3

Terrakion, come back!
Go! Tornadus (Tornadus-Therian)!

The opposing Conkeldurr used Drain Punch!
It's not very effective...
Tornadus lost 32.1% of its health!
Tornadus had its energy drained!
Turn 4

dakii123 withdrew Conkeldurr!
dakii123 sent out Zapdos!

Tornadus used Hurricane!
It's not very effective...
The opposing Zapdos lost 37% of its health!
Tornadus lost some of its HP!
Turn 5

Tornadus used U-turn!
It's not very effective...
The opposing Zapdos lost 14% of its health!
Tornadus lost some of its HP!

Tornadus went back to hubbbb!
Go! Mamoswine!

The opposing Zapdos used Heat Wave!
It's super effective!
Mamoswine lost 67.0% of its health!
Turn 6

dakii123 withdrew Zapdos!
dakii123 sent out Tyranitar!
[Opposing Tyranitar's Unnerve!]
Your team is too nervous to eat Berries!

Mamoswine used Earthquake!
It's super effective!
A critical hit!
The opposing Tyranitar lost 100% of its health!
Mamoswine lost some of its HP!

The opposing Tyranitar fainted!

dakii123 sent out Hydreigon!
Turn 7

Mamoswine used Ice Shard!
It's super effective!
The opposing Hydreigon lost 60% of its health!
Mamoswine lost some of its HP!

The opposing Hydreigon used U-turn!
Mamoswine lost 13.0% of its health!

Mamoswine fainted!

The opposing Hydreigon went back to dakii123!
dakii123 sent out Zapdos!

Go! Manectric (Manectric-Mega)!
[Manectric's Intimidate!]
The opposing Zapdos's Attack fell!
Turn 8

Manectric used Volt Switch!
The opposing Zapdos lost 40% of its health!

Manectric went back to hubbbb!
Go! Latios!

The opposing Zapdos used Heat Wave!
It's not very effective...
Latios lost 25.6% of its health!
Turn 9

Latios used Draco Meteor!
The opposing Zapdos lost 9% of its health!
Latios's Special Attack fell harshly!
Latios lost some of its HP!

The opposing Zapdos fainted!

dakii123 sent out Hydreigon!
Turn 10

Latios, come back!
Go! Manectric (Manectric-Mega)!
[Manectric's Intimidate!]
The opposing Hydreigon's Attack fell!

The opposing Hydreigon used U-turn!
A critical hit!
Manectric lost 31.0% of its health!

The opposing Hydreigon went back to dakii123!
dakii123 sent out Volcarona!
Turn 11

Manectric used Volt Switch!
The opposing Volcarona lost 27% of its health!

Manectric went back to hubbbb!
Go! Ferrothorn!

The opposing Volcarona used Psychic!
It's not very effective...
Ferrothorn lost 13.4% of its health!
Ferrothorn's Special Defense fell!

Ferrothorn restored a little HP using its Leftovers!
Turn 12

Ferrothorn, come back!
Go! Tornadus (Tornadus-Therian)!

The opposing Volcarona used Fiery Dance!
Tornadus lost 53.5% of its health!
The opposing Volcarona's Special Attack rose!
Turn 13

Tornadus used Hurricane!
It's super effective!
The opposing Volcarona lost 49% of its health!
Tornadus lost some of its HP!

The opposing Volcarona fainted!

dakii123 sent out Alakazam!
Turn 14

The opposing Alakazam's Alakazite is reacting to dakii123's Mega Bracelet!
The opposing Alakazam has Mega Evolved into Mega Alakazam!
[Opposing Alakazam's Trace!]
The opposing Alakazam traced Tornadus's Regenerator!

Tornadus used U-turn!
It's super effective!
A critical hit!
The opposing Alakazam lost 100% of its health!
Tornadus lost some of its HP!

The opposing Alakazam fainted!
dakii123 forfeited.

hubbbb won the battle!
